

*******************************************************************************
Mon Oct 11 21:35:31 2021


FIT:    data read from "output2c-2" u ($1**4):2
        format = x:z
        #datapoints = 7
        residuals are weighted equally (unit weight)

function used for fitting: f(x)
	f(x) = a*x
BREAK: Need via and either parameter list or file

*******************************************************************************
Mon Oct 11 21:35:40 2021


FIT:    data read from "output2c-2" u ($1**4):2
        format = x:z
        #datapoints = 7
        residuals are weighted equally (unit weight)

function used for fitting: f(x)
	f(x) = a*x
fitted parameters initialized with current variable values

iter      chisq       delta/lim  lambda   a            
   0 1.7819030318e-10   0.00e+00  5.78e-06    1.000000e+00
   4 3.7824289772e-21  -3.06e-02  5.78e-10    1.268837e-01

After 4 iterations the fit converged.
final sum of squares of residuals : 3.78243e-21
rel. change during last iteration : -3.05695e-07

degrees of freedom    (FIT_NDF)                        : 6
rms of residuals      (FIT_STDFIT) = sqrt(WSSR/ndf)    : 2.51079e-11
variance of residuals (reduced chisquare) = WSSR/ndf   : 6.30405e-22

Final set of parameters            Asymptotic Standard Error
=======================            ==========================
a               = 0.126884         +/- 1.642e-06    (0.001294%)


*******************************************************************************
Mon Oct 11 21:35:51 2021


FIT:    data read from "output2c-2" u ($1**4):2
        format = x:z
        #datapoints = 7
        residuals are weighted equally (unit weight)

function used for fitting: f(x)
	f(x) = a*x
fitted parameters initialized with current variable values

iter      chisq       delta/lim  lambda   a            
   0 1.7819030318e-10   0.00e+00  5.78e-06    1.000000e+00
   4 3.7824289772e-21  -3.06e-02  5.78e-10    1.268837e-01

After 4 iterations the fit converged.
final sum of squares of residuals : 3.78243e-21
rel. change during last iteration : -3.05695e-07

degrees of freedom    (FIT_NDF)                        : 6
rms of residuals      (FIT_STDFIT) = sqrt(WSSR/ndf)    : 2.51079e-11
variance of residuals (reduced chisquare) = WSSR/ndf   : 6.30405e-22

Final set of parameters            Asymptotic Standard Error
=======================            ==========================
a               = 0.126884         +/- 1.642e-06    (0.001294%)


*******************************************************************************
Mon Oct 11 21:36:03 2021


FIT:    data read from "output2c-2" u ($1**4):2
        format = x:z
        #datapoints = 7
        residuals are weighted equally (unit weight)

function used for fitting: f(x)
	f(x) = a*x
fitted parameters initialized with current variable values

iter      chisq       delta/lim  lambda   a            
   0 1.7819030318e-10   0.00e+00  5.78e-06    1.000000e+00
   4 3.7824289772e-21  -3.06e-02  5.78e-10    1.268837e-01

After 4 iterations the fit converged.
final sum of squares of residuals : 3.78243e-21
rel. change during last iteration : -3.05695e-07

degrees of freedom    (FIT_NDF)                        : 6
rms of residuals      (FIT_STDFIT) = sqrt(WSSR/ndf)    : 2.51079e-11
variance of residuals (reduced chisquare) = WSSR/ndf   : 6.30405e-22

Final set of parameters            Asymptotic Standard Error
=======================            ==========================
a               = 0.126884         +/- 1.642e-06    (0.001294%)


*******************************************************************************
Mon Oct 11 21:36:11 2021


FIT:    data read from "output2c-2" u ($1**4):2
        format = x:z
        #datapoints = 7
        residuals are weighted equally (unit weight)

function used for fitting: f(x)
	f(x) = a*x
fitted parameters initialized with current variable values

iter      chisq       delta/lim  lambda   a            
   0 1.7819030318e-10   0.00e+00  5.78e-06    1.000000e+00
   4 3.7824289772e-21  -3.06e-02  5.78e-10    1.268837e-01

After 4 iterations the fit converged.
final sum of squares of residuals : 3.78243e-21
rel. change during last iteration : -3.05695e-07

degrees of freedom    (FIT_NDF)                        : 6
rms of residuals      (FIT_STDFIT) = sqrt(WSSR/ndf)    : 2.51079e-11
variance of residuals (reduced chisquare) = WSSR/ndf   : 6.30405e-22

Final set of parameters            Asymptotic Standard Error
=======================            ==========================
a               = 0.126884         +/- 1.642e-06    (0.001294%)


*******************************************************************************
Mon Oct 11 21:36:22 2021


FIT:    data read from "output2c-2" u ($1**4):2
        format = x:z
        #datapoints = 7
        residuals are weighted equally (unit weight)

function used for fitting: f(x)
	f(x) = a*x
fitted parameters initialized with current variable values

iter      chisq       delta/lim  lambda   a            
   0 1.7819030318e-10   0.00e+00  5.78e-06    1.000000e+00
   4 3.7824289772e-21  -3.06e-02  5.78e-10    1.268837e-01

After 4 iterations the fit converged.
final sum of squares of residuals : 3.78243e-21
rel. change during last iteration : -3.05695e-07

degrees of freedom    (FIT_NDF)                        : 6
rms of residuals      (FIT_STDFIT) = sqrt(WSSR/ndf)    : 2.51079e-11
variance of residuals (reduced chisquare) = WSSR/ndf   : 6.30405e-22

Final set of parameters            Asymptotic Standard Error
=======================            ==========================
a               = 0.126884         +/- 1.642e-06    (0.001294%)


*******************************************************************************
Mon Oct 11 21:36:27 2021


FIT:    data read from "output2c-2" u ($1**4):2
        format = x:z
        #datapoints = 7
        residuals are weighted equally (unit weight)

function used for fitting: f(x)
	f(x) = a*x
fitted parameters initialized with current variable values

iter      chisq       delta/lim  lambda   a            
   0 1.7819030318e-10   0.00e+00  5.78e-06    1.000000e+00
   4 3.7824289772e-21  -3.06e-02  5.78e-10    1.268837e-01

After 4 iterations the fit converged.
final sum of squares of residuals : 3.78243e-21
rel. change during last iteration : -3.05695e-07

degrees of freedom    (FIT_NDF)                        : 6
rms of residuals      (FIT_STDFIT) = sqrt(WSSR/ndf)    : 2.51079e-11
variance of residuals (reduced chisquare) = WSSR/ndf   : 6.30405e-22

Final set of parameters            Asymptotic Standard Error
=======================            ==========================
a               = 0.126884         +/- 1.642e-06    (0.001294%)


*******************************************************************************
Mon Oct 11 21:36:37 2021


FIT:    data read from "output2c-2" u ($1**4):2
        format = x:z
        #datapoints = 7
        residuals are weighted equally (unit weight)

function used for fitting: f(x)
	f(x) = a*x
fitted parameters initialized with current variable values

iter      chisq       delta/lim  lambda   a            
   0 1.7819030318e-10   0.00e+00  5.78e-06    1.000000e+00
   4 3.7824289772e-21  -3.06e-02  5.78e-10    1.268837e-01

After 4 iterations the fit converged.
final sum of squares of residuals : 3.78243e-21
rel. change during last iteration : -3.05695e-07

degrees of freedom    (FIT_NDF)                        : 6
rms of residuals      (FIT_STDFIT) = sqrt(WSSR/ndf)    : 2.51079e-11
variance of residuals (reduced chisquare) = WSSR/ndf   : 6.30405e-22

Final set of parameters            Asymptotic Standard Error
=======================            ==========================
a               = 0.126884         +/- 1.642e-06    (0.001294%)


*******************************************************************************
Mon Oct 11 22:03:15 2021


FIT:    data read from "output2c-2" u ($1**4):2
        format = x:z
        #datapoints = 7
        residuals are weighted equally (unit weight)

function used for fitting: f(x)
	f(x) = a*x
fitted parameters initialized with current variable values

iter      chisq       delta/lim  lambda   a            
   0 1.7819030318e-10   0.00e+00  5.78e-06    1.000000e+00
   4 3.7824289772e-21  -3.06e-02  5.78e-10    1.268837e-01

After 4 iterations the fit converged.
final sum of squares of residuals : 3.78243e-21
rel. change during last iteration : -3.05695e-07

degrees of freedom    (FIT_NDF)                        : 6
rms of residuals      (FIT_STDFIT) = sqrt(WSSR/ndf)    : 2.51079e-11
variance of residuals (reduced chisquare) = WSSR/ndf   : 6.30405e-22

Final set of parameters            Asymptotic Standard Error
=======================            ==========================
a               = 0.126884         +/- 1.642e-06    (0.001294%)


*******************************************************************************
Mon Oct 11 22:04:08 2021


FIT:    data read from "output2c-2" u ($1**4):2
        format = x:z
        #datapoints = 7
        residuals are weighted equally (unit weight)

function used for fitting: f(x)
	f(x) = a*x
fitted parameters initialized with current variable values

iter      chisq       delta/lim  lambda   a            
   0 1.7819030318e-10   0.00e+00  5.78e-06    1.000000e+00
   4 3.7824289772e-21  -3.06e-02  5.78e-10    1.268837e-01

After 4 iterations the fit converged.
final sum of squares of residuals : 3.78243e-21
rel. change during last iteration : -3.05695e-07

degrees of freedom    (FIT_NDF)                        : 6
rms of residuals      (FIT_STDFIT) = sqrt(WSSR/ndf)    : 2.51079e-11
variance of residuals (reduced chisquare) = WSSR/ndf   : 6.30405e-22

Final set of parameters            Asymptotic Standard Error
=======================            ==========================
a               = 0.126884         +/- 1.642e-06    (0.001294%)


*******************************************************************************
Mon Oct 11 22:07:47 2021


FIT:    data read from "output2c-2" u ($1**4):2
        format = x:z
        #datapoints = 7
        residuals are weighted equally (unit weight)

function used for fitting: f(x)
	f(x) = a*x
fitted parameters initialized with current variable values

iter      chisq       delta/lim  lambda   a            
   0 1.7819030318e-10   0.00e+00  5.78e-06    1.000000e+00
   4 3.7824289772e-21  -3.06e-02  5.78e-10    1.268837e-01

After 4 iterations the fit converged.
final sum of squares of residuals : 3.78243e-21
rel. change during last iteration : -3.05695e-07

degrees of freedom    (FIT_NDF)                        : 6
rms of residuals      (FIT_STDFIT) = sqrt(WSSR/ndf)    : 2.51079e-11
variance of residuals (reduced chisquare) = WSSR/ndf   : 6.30405e-22

Final set of parameters            Asymptotic Standard Error
=======================            ==========================
a               = 0.126884         +/- 1.642e-06    (0.001294%)


*******************************************************************************
Mon Oct 11 22:08:59 2021


FIT:    data read from "output2c-2" u ($1**4):2
        format = x:z
        #datapoints = 7
        residuals are weighted equally (unit weight)

function used for fitting: f(x)
	f(x) = a*x
fitted parameters initialized with current variable values

iter      chisq       delta/lim  lambda   a            
   0 1.7819030318e-10   0.00e+00  5.78e-06    1.000000e+00
   4 3.7824289772e-21  -3.06e-02  5.78e-10    1.268837e-01

After 4 iterations the fit converged.
final sum of squares of residuals : 3.78243e-21
rel. change during last iteration : -3.05695e-07

degrees of freedom    (FIT_NDF)                        : 6
rms of residuals      (FIT_STDFIT) = sqrt(WSSR/ndf)    : 2.51079e-11
variance of residuals (reduced chisquare) = WSSR/ndf   : 6.30405e-22

Final set of parameters            Asymptotic Standard Error
=======================            ==========================
a               = 0.126884         +/- 1.642e-06    (0.001294%)
